<?xml version="1.0" encoding="UTF-8"?>
<!-- Generated by org.testng.reporters.JUnitReportReporter -->
<testsuite hostname="GS-2657" failures="0" tests="1" name="docker.com.docker.StartLinuxDocker" time="1140.446" errors="0" timestamp="2020-04-27T00:34:00 IST" skipped="0">
  <testcase classname="docker.com.docker.StartLinuxDocker" name="startDockerForLinux" time="1140.446"/>
</testsuite> <!-- docker.com.docker.StartLinuxDocker -->
