<?xml version="1.0" encoding="UTF-8"?>
<!-- Generated by org.testng.reporters.JUnitReportReporter -->
<testsuite hostname="GS-2657" failures="0" tests="1" name="docker.com.docker.StartDocker" time="0.025" errors="0" timestamp="2020-04-09T22:04:19 IST" skipped="0">
  <testcase classname="docker.com.docker.StartDocker" name="startDocker" time="0.025"/>
</testsuite> <!-- docker.com.docker.StartDocker -->
